adikushnir@gmail.com
agmartin@debian.org
ajt@debian.org
alvar@meiko.co.uk
and1000@debian.org
aron@debian.org
biebl@debian.org
bigon@debian.org
billh@gnome.org
birkir@midstod.is
brian@canonical.com
buchal@brailcom.org
chlor@schou.dk
clameter@debian.org
coscell@gmail.com
danieru.dressler@gmail.com
debian-printing@lists.debian.org
debian-x@lists.debian.org
eichin@kitten.gen.ma.us
ejad@debian.org
Elrond@Wunder-Nett.org
eric@integra-belgium.com
esperanto-muzeo@wanadoo.fr
filippo@debian.org
hmh@debian.org
hmh@rcm.org.br
icons-128x128@2.tar
icons-64x64@2.tar
intrigeri@boum.org
iwamatsu@debian.org
jmknoble@mercury.interpath.net
jonathan.davies@canonical.com
jon@jon.demon.co.uk
jplejacq@quoininc.com
jtang@tresys.com
kees@canonical.com
kees@ubuntu.com
kel@otaku42.de
kurtz.alex@googlemail.com
license@farsiweb.info
mario_limonciello@dell.com
martin.pitt@ubuntu.com
martin@piware.de
mick@kulgan.net
mike@piratehaven.org
mike.sivill@viewplus.com
miquels@cistron.nl
osamu@debian.org
pdewacht@gmail.com
rafael@debian.org
rleigh@debian.org
rmurray@debian.org
Sergio.Gelato@astro.su.se
shaunm@gnome.org
sjoerd@debian.org
spearce@spearce.org
speechd@freebsoft.org
steve.beattie@canonical.com
torma.zsolt@infoalap.hu
tytso@mit.edu
umac-64@openssh.com
user@example.com
username@site.domain
walters@debian.org
yan@mistigri.org
